<?xml version="1.0" encoding="UTF-8"?>
<testsuite xmlns:xsi="http://www.w3.org/2001/XMLSchema-instance" xsi:noNamespaceSchemaLocation="https://maven.apache.org/surefire/maven-surefire-plugin/xsd/surefire-test-report.xsd" name="TestSuite" time="32.956" tests="4" errors="0" skipped="0" failures="1">
  <properties>
    <property name="sun.desktop" value="gnome"/>
    <property name="awt.toolkit" value="sun.awt.X11.XToolkit"/>
    <property name="file.encoding.pkg" value="sun.io"/>
    <property name="java.specification.version" value="1.8"/>
    <property name="sun.cpu.isalist" value=""/>
    <property name="sun.jnu.encoding" value="UTF-8"/>
    <property name="java.class.path" value="/home/ascherba/Repository/presentallure/target/test-classes:/home/ascherba/Repository/presentallure/target/classes:/home/ascherba/.m2/repository/org/testng/testng/6.9.13.6/testng-6.9.13.6.jar:/home/ascherba/.m2/repository/com/beust/jcommander/1.48/jcommander-1.48.jar:/home/ascherba/.m2/repository/org/apache/ant/ant/1.9.7/ant-1.9.7.jar:/home/ascherba/.m2/repository/org/apache/ant/ant-launcher/1.9.7/ant-launcher-1.9.7.jar:/home/ascherba/.m2/repository/org/beanshell/bsh/2.0b4/bsh-2.0b4.jar:/home/ascherba/.m2/repository/io/qameta/allure/allure-testng/2.0-BETA19/allure-testng-2.0-BETA19.jar:/home/ascherba/.m2/repository/io/qameta/allure/allure-descriptions-javadoc/2.0-BETA19/allure-descriptions-javadoc-2.0-BETA19.jar:/home/ascherba/.m2/repository/io/qameta/allure/allure-java-commons/2.0-BETA19/allure-java-commons-2.0-BETA19.jar:/home/ascherba/.m2/repository/io/qameta/allure/allure2-model-api/1.0-BETA6/allure2-model-api-1.0-BETA6.jar:/home/ascherba/.m2/repository/io/qameta/allure/allure2-model-pojo/1.0-BETA6/allure2-model-pojo-1.0-BETA6.jar:/home/ascherba/.m2/repository/org/apache/tika/tika-core/1.14/tika-core-1.14.jar:/home/ascherba/.m2/repository/io/qameta/allure/allure2-model-jackson/1.0-BETA6/allure2-model-jackson-1.0-BETA6.jar:/home/ascherba/.m2/repository/com/fasterxml/jackson/core/jackson-databind/2.7.0/jackson-databind-2.7.0.jar:/home/ascherba/.m2/repository/com/fasterxml/jackson/core/jackson-annotations/2.7.0/jackson-annotations-2.7.0.jar:/home/ascherba/.m2/repository/com/fasterxml/jackson/core/jackson-core/2.7.0/jackson-core-2.7.0.jar:/home/ascherba/.m2/repository/com/fasterxml/jackson/module/jackson-module-jaxb-annotations/2.7.0/jackson-module-jaxb-annotations-2.7.0.jar:/home/ascherba/.m2/repository/org/aspectj/aspectjrt/1.8.10/aspectjrt-1.8.10.jar:/home/ascherba/.m2/repository/org/jooq/joor/0.9.6/joor-0.9.6.jar:/home/ascherba/.m2/repository/org/slf4j/slf4j-api/1.7.21/slf4j-api-1.7.21.jar:/home/ascherba/.m2/repository/org/seleniumhq/selenium/selenium-java/3.5.3/selenium-java-3.5.3.jar:/home/ascherba/.m2/repository/org/seleniumhq/selenium/selenium-api/3.5.3/selenium-api-3.5.3.jar:/home/ascherba/.m2/repository/org/seleniumhq/selenium/selenium-chrome-driver/3.5.3/selenium-chrome-driver-3.5.3.jar:/home/ascherba/.m2/repository/org/seleniumhq/selenium/selenium-edge-driver/3.5.3/selenium-edge-driver-3.5.3.jar:/home/ascherba/.m2/repository/org/seleniumhq/selenium/selenium-firefox-driver/3.5.3/selenium-firefox-driver-3.5.3.jar:/home/ascherba/.m2/repository/org/seleniumhq/selenium/selenium-ie-driver/3.5.3/selenium-ie-driver-3.5.3.jar:/home/ascherba/.m2/repository/org/seleniumhq/selenium/selenium-opera-driver/3.5.3/selenium-opera-driver-3.5.3.jar:/home/ascherba/.m2/repository/org/seleniumhq/selenium/selenium-remote-driver/3.5.3/selenium-remote-driver-3.5.3.jar:/home/ascherba/.m2/repository/org/seleniumhq/selenium/selenium-safari-driver/3.5.3/selenium-safari-driver-3.5.3.jar:/home/ascherba/.m2/repository/org/seleniumhq/selenium/selenium-support/3.5.3/selenium-support-3.5.3.jar:/home/ascherba/.m2/repository/cglib/cglib-nodep/3.2.4/cglib-nodep-3.2.4.jar:/home/ascherba/.m2/repository/org/apache/commons/commons-exec/1.3/commons-exec-1.3.jar:/home/ascherba/.m2/repository/org/apache/commons/commons-lang3/3.5/commons-lang3-3.5.jar:/home/ascherba/.m2/repository/commons-codec/commons-codec/1.10/commons-codec-1.10.jar:/home/ascherba/.m2/repository/commons-io/commons-io/2.5/commons-io-2.5.jar:/home/ascherba/.m2/repository/commons-logging/commons-logging/1.2/commons-logging-1.2.jar:/home/ascherba/.m2/repository/org/w3c/css/sac/1.3/sac-1.3.jar:/home/ascherba/.m2/repository/net/sourceforge/cssparser/cssparser/0.9.23/cssparser-0.9.23.jar:/home/ascherba/.m2/repository/com/google/code/gson/gson/2.8.0/gson-2.8.0.jar:/home/ascherba/.m2/repository/com/google/guava/guava/23.0/guava-23.0.jar:/home/ascherba/.m2/repository/com/google/code/findbugs/jsr305/1.3.9/jsr305-1.3.9.jar:/home/ascherba/.m2/repository/com/google/errorprone/error_prone_annotations/2.0.18/error_prone_annotations-2.0.18.jar:/home/ascherba/.m2/repository/com/google/j2objc/j2objc-annotations/1.1/j2objc-annotations-1.1.jar:/home/ascherba/.m2/repository/org/codehaus/mojo/animal-sniffer-annotations/1.14/animal-sniffer-annotations-1.14.jar:/home/ascherba/.m2/repository/org/hamcrest/hamcrest-core/1.3/hamcrest-core-1.3.jar:/home/ascherba/.m2/repository/net/sourceforge/htmlunit/htmlunit/2.27/htmlunit-2.27.jar:/home/ascherba/.m2/repository/net/sourceforge/htmlunit/htmlunit-core-js/2.27/htmlunit-core-js-2.27.jar:/home/ascherba/.m2/repository/net/sourceforge/htmlunit/neko-htmlunit/2.27/neko-htmlunit-2.27.jar:/home/ascherba/.m2/repository/org/apache/httpcomponents/httpclient/4.5.3/httpclient-4.5.3.jar:/home/ascherba/.m2/repository/org/apache/httpcomponents/httpcore/4.4.6/httpcore-4.4.6.jar:/home/ascherba/.m2/repository/org/apache/httpcomponents/httpmime/4.5.3/httpmime-4.5.3.jar:/home/ascherba/.m2/repository/org/eclipse/jetty/jetty-client/9.4.5.v20170502/jetty-client-9.4.5.v20170502.jar:/home/ascherba/.m2/repository/org/eclipse/jetty/jetty-http/9.4.5.v20170502/jetty-http-9.4.5.v20170502.jar:/home/ascherba/.m2/repository/org/eclipse/jetty/jetty-io/9.4.5.v20170502/jetty-io-9.4.5.v20170502.jar:/home/ascherba/.m2/repository/org/eclipse/jetty/jetty-util/9.4.5.v20170502/jetty-util-9.4.5.v20170502.jar:/home/ascherba/.m2/repository/net/java/dev/jna/jna/4.1.0/jna-4.1.0.jar:/home/ascherba/.m2/repository/net/java/dev/jna/jna-platform/4.1.0/jna-platform-4.1.0.jar:/home/ascherba/.m2/repository/junit/junit/4.12/junit-4.12.jar:/home/ascherba/.m2/repository/com/codeborne/phantomjsdriver/1.4.0/phantomjsdriver-1.4.0.jar:/home/ascherba/.m2/repository/org/seleniumhq/selenium/htmlunit-driver/2.27/htmlunit-driver-2.27.jar:/home/ascherba/.m2/repository/javax/servlet/javax.servlet-api/3.1.0/javax.servlet-api-3.1.0.jar:/home/ascherba/.m2/repository/org/eclipse/jetty/websocket/websocket-api/9.4.5.v20170502/websocket-api-9.4.5.v20170502.jar:/home/ascherba/.m2/repository/org/eclipse/jetty/websocket/websocket-client/9.4.5.v20170502/websocket-client-9.4.5.v20170502.jar:/home/ascherba/.m2/repository/org/eclipse/jetty/websocket/websocket-common/9.4.5.v20170502/websocket-common-9.4.5.v20170502.jar:/home/ascherba/.m2/repository/xalan/serializer/2.7.2/serializer-2.7.2.jar:/home/ascherba/.m2/repository/xalan/xalan/2.7.2/xalan-2.7.2.jar:/home/ascherba/.m2/repository/xerces/xercesImpl/2.11.0/xercesImpl-2.11.0.jar:/home/ascherba/.m2/repository/xml-apis/xml-apis/1.4.01/xml-apis-1.4.01.jar:/home/ascherba/.m2/repository/org/apache/maven/surefire/surefire-testng-utils/2.20.1/surefire-testng-utils-2.20.1.jar:/home/ascherba/.m2/repository/org/apache/maven/surefire/surefire-grouper/2.20.1/surefire-grouper-2.20.1.jar:"/>
    <property name="java.vm.vendor" value="Oracle Corporation"/>
    <property name="sun.arch.data.model" value="64"/>
    <property name="java.vendor.url" value="http://java.oracle.com/"/>
    <property name="user.timezone" value=""/>
    <property name="java.vm.specification.version" value="1.8"/>
    <property name="os.name" value="Linux"/>
    <property name="user.country" value="US"/>
    <property name="sun.java.launcher" value="SUN_STANDARD"/>
    <property name="sun.boot.library.path" value="/opt/jdk1.8.0_144/jre/lib/amd64"/>
    <property name="sun.java.command" value="/home/ascherba/Repository/presentallure/target/surefire/surefirebooter831142726983030245.jar /home/ascherba/Repository/presentallure/target/surefire 2017-10-09T11-38-24_191-jvmRun1 surefire4483860258558826757tmp surefire_01902676464937546714tmp"/>
    <property name="surefire.test.class.path" value="/home/ascherba/Repository/presentallure/target/test-classes:/home/ascherba/Repository/presentallure/target/classes:/home/ascherba/.m2/repository/org/testng/testng/6.9.13.6/testng-6.9.13.6.jar:/home/ascherba/.m2/repository/com/beust/jcommander/1.48/jcommander-1.48.jar:/home/ascherba/.m2/repository/org/apache/ant/ant/1.9.7/ant-1.9.7.jar:/home/ascherba/.m2/repository/org/apache/ant/ant-launcher/1.9.7/ant-launcher-1.9.7.jar:/home/ascherba/.m2/repository/org/beanshell/bsh/2.0b4/bsh-2.0b4.jar:/home/ascherba/.m2/repository/io/qameta/allure/allure-testng/2.0-BETA19/allure-testng-2.0-BETA19.jar:/home/ascherba/.m2/repository/io/qameta/allure/allure-descriptions-javadoc/2.0-BETA19/allure-descriptions-javadoc-2.0-BETA19.jar:/home/ascherba/.m2/repository/io/qameta/allure/allure-java-commons/2.0-BETA19/allure-java-commons-2.0-BETA19.jar:/home/ascherba/.m2/repository/io/qameta/allure/allure2-model-api/1.0-BETA6/allure2-model-api-1.0-BETA6.jar:/home/ascherba/.m2/repository/io/qameta/allure/allure2-model-pojo/1.0-BETA6/allure2-model-pojo-1.0-BETA6.jar:/home/ascherba/.m2/repository/org/apache/tika/tika-core/1.14/tika-core-1.14.jar:/home/ascherba/.m2/repository/io/qameta/allure/allure2-model-jackson/1.0-BETA6/allure2-model-jackson-1.0-BETA6.jar:/home/ascherba/.m2/repository/com/fasterxml/jackson/core/jackson-databind/2.7.0/jackson-databind-2.7.0.jar:/home/ascherba/.m2/repository/com/fasterxml/jackson/core/jackson-annotations/2.7.0/jackson-annotations-2.7.0.jar:/home/ascherba/.m2/repository/com/fasterxml/jackson/core/jackson-core/2.7.0/jackson-core-2.7.0.jar:/home/ascherba/.m2/repository/com/fasterxml/jackson/module/jackson-module-jaxb-annotations/2.7.0/jackson-module-jaxb-annotations-2.7.0.jar:/home/ascherba/.m2/repository/org/aspectj/aspectjrt/1.8.10/aspectjrt-1.8.10.jar:/home/ascherba/.m2/repository/org/jooq/joor/0.9.6/joor-0.9.6.jar:/home/ascherba/.m2/repository/org/slf4j/slf4j-api/1.7.21/slf4j-api-1.7.21.jar:/home/ascherba/.m2/repository/org/seleniumhq/selenium/selenium-java/3.5.3/selenium-java-3.5.3.jar:/home/ascherba/.m2/repository/org/seleniumhq/selenium/selenium-api/3.5.3/selenium-api-3.5.3.jar:/home/ascherba/.m2/repository/org/seleniumhq/selenium/selenium-chrome-driver/3.5.3/selenium-chrome-driver-3.5.3.jar:/home/ascherba/.m2/repository/org/seleniumhq/selenium/selenium-edge-driver/3.5.3/selenium-edge-driver-3.5.3.jar:/home/ascherba/.m2/repository/org/seleniumhq/selenium/selenium-firefox-driver/3.5.3/selenium-firefox-driver-3.5.3.jar:/home/ascherba/.m2/repository/org/seleniumhq/selenium/selenium-ie-driver/3.5.3/selenium-ie-driver-3.5.3.jar:/home/ascherba/.m2/repository/org/seleniumhq/selenium/selenium-opera-driver/3.5.3/selenium-opera-driver-3.5.3.jar:/home/ascherba/.m2/repository/org/seleniumhq/selenium/selenium-remote-driver/3.5.3/selenium-remote-driver-3.5.3.jar:/home/ascherba/.m2/repository/org/seleniumhq/selenium/selenium-safari-driver/3.5.3/selenium-safari-driver-3.5.3.jar:/home/ascherba/.m2/repository/org/seleniumhq/selenium/selenium-support/3.5.3/selenium-support-3.5.3.jar:/home/ascherba/.m2/repository/cglib/cglib-nodep/3.2.4/cglib-nodep-3.2.4.jar:/home/ascherba/.m2/repository/org/apache/commons/commons-exec/1.3/commons-exec-1.3.jar:/home/ascherba/.m2/repository/org/apache/commons/commons-lang3/3.5/commons-lang3-3.5.jar:/home/ascherba/.m2/repository/commons-codec/commons-codec/1.10/commons-codec-1.10.jar:/home/ascherba/.m2/repository/commons-io/commons-io/2.5/commons-io-2.5.jar:/home/ascherba/.m2/repository/commons-logging/commons-logging/1.2/commons-logging-1.2.jar:/home/ascherba/.m2/repository/org/w3c/css/sac/1.3/sac-1.3.jar:/home/ascherba/.m2/repository/net/sourceforge/cssparser/cssparser/0.9.23/cssparser-0.9.23.jar:/home/ascherba/.m2/repository/com/google/code/gson/gson/2.8.0/gson-2.8.0.jar:/home/ascherba/.m2/repository/com/google/guava/guava/23.0/guava-23.0.jar:/home/ascherba/.m2/repository/com/google/code/findbugs/jsr305/1.3.9/jsr305-1.3.9.jar:/home/ascherba/.m2/repository/com/google/errorprone/error_prone_annotations/2.0.18/error_prone_annotations-2.0.18.jar:/home/ascherba/.m2/repository/com/google/j2objc/j2objc-annotations/1.1/j2objc-annotations-1.1.jar:/home/ascherba/.m2/repository/org/codehaus/mojo/animal-sniffer-annotations/1.14/animal-sniffer-annotations-1.14.jar:/home/ascherba/.m2/repository/org/hamcrest/hamcrest-core/1.3/hamcrest-core-1.3.jar:/home/ascherba/.m2/repository/net/sourceforge/htmlunit/htmlunit/2.27/htmlunit-2.27.jar:/home/ascherba/.m2/repository/net/sourceforge/htmlunit/htmlunit-core-js/2.27/htmlunit-core-js-2.27.jar:/home/ascherba/.m2/repository/net/sourceforge/htmlunit/neko-htmlunit/2.27/neko-htmlunit-2.27.jar:/home/ascherba/.m2/repository/org/apache/httpcomponents/httpclient/4.5.3/httpclient-4.5.3.jar:/home/ascherba/.m2/repository/org/apache/httpcomponents/httpcore/4.4.6/httpcore-4.4.6.jar:/home/ascherba/.m2/repository/org/apache/httpcomponents/httpmime/4.5.3/httpmime-4.5.3.jar:/home/ascherba/.m2/repository/org/eclipse/jetty/jetty-client/9.4.5.v20170502/jetty-client-9.4.5.v20170502.jar:/home/ascherba/.m2/repository/org/eclipse/jetty/jetty-http/9.4.5.v20170502/jetty-http-9.4.5.v20170502.jar:/home/ascherba/.m2/repository/org/eclipse/jetty/jetty-io/9.4.5.v20170502/jetty-io-9.4.5.v20170502.jar:/home/ascherba/.m2/repository/org/eclipse/jetty/jetty-util/9.4.5.v20170502/jetty-util-9.4.5.v20170502.jar:/home/ascherba/.m2/repository/net/java/dev/jna/jna/4.1.0/jna-4.1.0.jar:/home/ascherba/.m2/repository/net/java/dev/jna/jna-platform/4.1.0/jna-platform-4.1.0.jar:/home/ascherba/.m2/repository/junit/junit/4.12/junit-4.12.jar:/home/ascherba/.m2/repository/com/codeborne/phantomjsdriver/1.4.0/phantomjsdriver-1.4.0.jar:/home/ascherba/.m2/repository/org/seleniumhq/selenium/htmlunit-driver/2.27/htmlunit-driver-2.27.jar:/home/ascherba/.m2/repository/javax/servlet/javax.servlet-api/3.1.0/javax.servlet-api-3.1.0.jar:/home/ascherba/.m2/repository/org/eclipse/jetty/websocket/websocket-api/9.4.5.v20170502/websocket-api-9.4.5.v20170502.jar:/home/ascherba/.m2/repository/org/eclipse/jetty/websocket/websocket-client/9.4.5.v20170502/websocket-client-9.4.5.v20170502.jar:/home/ascherba/.m2/repository/org/eclipse/jetty/websocket/websocket-common/9.4.5.v20170502/websocket-common-9.4.5.v20170502.jar:/home/ascherba/.m2/repository/xalan/serializer/2.7.2/serializer-2.7.2.jar:/home/ascherba/.m2/repository/xalan/xalan/2.7.2/xalan-2.7.2.jar:/home/ascherba/.m2/repository/xerces/xercesImpl/2.11.0/xercesImpl-2.11.0.jar:/home/ascherba/.m2/repository/xml-apis/xml-apis/1.4.01/xml-apis-1.4.01.jar:/home/ascherba/.m2/repository/org/apache/maven/surefire/surefire-testng-utils/2.20.1/surefire-testng-utils-2.20.1.jar:/home/ascherba/.m2/repository/org/apache/maven/surefire/surefire-grouper/2.20.1/surefire-grouper-2.20.1.jar:"/>
    <property name="sun.cpu.endian" value="little"/>
    <property name="user.home" value="/home/ascherba"/>
    <property name="user.language" value="en"/>
    <property name="java.specification.vendor" value="Oracle Corporation"/>
    <property name="java.home" value="/opt/jdk1.8.0_144/jre"/>
    <property name="basedir" value="/home/ascherba/Repository/presentallure"/>
    <property name="file.separator" value="/"/>
    <property name="line.separator" value="&#10;"/>
    <property name="java.vm.specification.vendor" value="Oracle Corporation"/>
    <property name="java.specification.name" value="Java Platform API Specification"/>
    <property name="java.awt.graphicsenv" value="sun.awt.X11GraphicsEnvironment"/>
    <property name="surefire.real.class.path" value="/home/ascherba/Repository/presentallure/target/surefire/surefirebooter831142726983030245.jar:/home/ascherba/.m2/repository/org/aspectj/aspectjweaver/1.8.10/aspectjweaver-1.8.10.jar"/>
    <property name="sun.boot.class.path" value="/opt/jdk1.8.0_144/jre/lib/resources.jar:/opt/jdk1.8.0_144/jre/lib/rt.jar:/opt/jdk1.8.0_144/jre/lib/sunrsasign.jar:/opt/jdk1.8.0_144/jre/lib/jsse.jar:/opt/jdk1.8.0_144/jre/lib/jce.jar:/opt/jdk1.8.0_144/jre/lib/charsets.jar:/opt/jdk1.8.0_144/jre/lib/jfr.jar:/opt/jdk1.8.0_144/jre/classes"/>
    <property name="sun.management.compiler" value="HotSpot 64-Bit Tiered Compilers"/>
    <property name="java.runtime.version" value="1.8.0_144-b01"/>
    <property name="user.name" value="ascherba"/>
    <property name="path.separator" value=":"/>
    <property name="os.version" value="4.4.0-96-generic"/>
    <property name="java.endorsed.dirs" value="/opt/jdk1.8.0_144/jre/lib/endorsed"/>
    <property name="java.runtime.name" value="Java(TM) SE Runtime Environment"/>
    <property name="file.encoding" value="UTF-8"/>
    <property name="java.vm.name" value="Java HotSpot(TM) 64-Bit Server VM"/>
    <property name="localRepository" value="/home/ascherba/.m2/repository"/>
    <property name="java.vendor.url.bug" value="http://bugreport.sun.com/bugreport/"/>
    <property name="java.io.tmpdir" value="/tmp"/>
    <property name="java.version" value="1.8.0_144"/>
    <property name="user.dir" value="/home/ascherba/Repository/presentallure"/>
    <property name="os.arch" value="amd64"/>
    <property name="java.vm.specification.name" value="Java Virtual Machine Specification"/>
    <property name="java.awt.printerjob" value="sun.print.PSPrinterJob"/>
    <property name="sun.os.patch.level" value="unknown"/>
    <property name="java.library.path" value="/opt/idea-IC-171.4694.70/bin::/usr/java/packages/lib/amd64:/usr/lib64:/lib64:/lib:/usr/lib"/>
    <property name="java.vm.info" value="mixed mode"/>
    <property name="java.vendor" value="Oracle Corporation"/>
    <property name="java.vm.version" value="25.144-b01"/>
    <property name="java.ext.dirs" value="/opt/jdk1.8.0_144/jre/lib/ext:/usr/java/packages/lib/ext"/>
    <property name="sun.io.unicode.encoding" value="UnicodeLittle"/>
    <property name="java.class.version" value="52.0"/>
  </properties>
  <testcase name="testRegister" classname="tests.RegisterTest" time="0.397">
    <failure type="java.lang.NullPointerException">java.lang.NullPointerException
	at tests.RegisterTest.testRegister(RegisterTest.java:38)
</failure>
    <system-err><![CDATA[SLF4J: Failed to load class "org.slf4j.impl.StaticLoggerBinder".
SLF4J: Defaulting to no-operation (NOP) logger implementation
SLF4J: See http://www.slf4j.org/codes.html#StaticLoggerBinder for further details.
1507527507240	geckodriver	INFO	geckodriver 0.18.0
1507527507244	geckodriver	INFO	Listening on 127.0.0.1:6972
1507527507246	geckodriver	INFO	geckodriver 0.18.0
1507527507249	geckodriver	INFO	Listening on 127.0.0.1:11309
1507527507785	geckodriver::marionette	INFO	Starting browser /usr/lib/firefox/firefox with args ["-marionette"]
1507527507794	geckodriver::marionette	INFO	Starting browser /usr/lib/firefox/firefox with args ["-marionette"]
1507527508062	addons.xpi	WARN	Error parsing extensions state: [Exception... "Component returned failure code: 0x80520012 (NS_ERROR_FILE_NOT_FOUND) [amIAddonManagerStartup.readStartupData]"  nsresult: "0x80520012 (NS_ERROR_FILE_NOT_FOUND)"  location: "JS frame :: resource://gre/modules/addons/XPIProvider.jsm :: loadExtensionState :: line 1554"  data: no] Stack trace: loadExtensionState()@resource://gre/modules/addons/XPIProvider.jsm:1554 < getInstallState()@resource://gre/modules/addons/XPIProvider.jsm:1589 < checkForChanges()@resource://gre/modules/addons/XPIProvider.jsm:3109 < startup()@resource://gre/modules/addons/XPIProvider.jsm:2188 < callProvider()@resource://gre/modules/AddonManager.jsm:269 < _startProvider()@resource://gre/modules/AddonManager.jsm:739 < startup()@resource://gre/modules/AddonManager.jsm:906 < startup()@resource://gre/modules/AddonManager.jsm:3090 < observe()@jar:file:///usr/lib/firefox/omni.ja!/components/addonManager.js:65
1507527508103	addons.xpi	WARN	Error parsing extensions state: [Exception... "Component returned failure code: 0x80520012 (NS_ERROR_FILE_NOT_FOUND) [amIAddonManagerStartup.readStartupData]"  nsresult: "0x80520012 (NS_ERROR_FILE_NOT_FOUND)"  location: "JS frame :: resource://gre/modules/addons/XPIProvider.jsm :: loadExtensionState :: line 1554"  data: no] Stack trace: loadExtensionState()@resource://gre/modules/addons/XPIProvider.jsm:1554 < getInstallState()@resource://gre/modules/addons/XPIProvider.jsm:1589 < checkForChanges()@resource://gre/modules/addons/XPIProvider.jsm:3109 < startup()@resource://gre/modules/addons/XPIProvider.jsm:2188 < callProvider()@resource://gre/modules/AddonManager.jsm:269 < _startProvider()@resource://gre/modules/AddonManager.jsm:739 < startup()@resource://gre/modules/AddonManager.jsm:906 < startup()@resource://gre/modules/AddonManager.jsm:3090 < observe()@jar:file:///usr/lib/firefox/omni.ja!/components/addonManager.js:65
1507527509029	Marionette	INFO	Enabled via --marionette
1507527509032	Marionette	INFO	Enabled via --marionette
1507527516257	Marionette	INFO	Listening on port 41493
1507527516403	Marionette	DEBUG	Register listener.js for window 2147483649
1507527516416	Marionette	INFO	Listening on port 35061
Oct 09, 2017 11:38:36 AM org.openqa.selenium.remote.ProtocolHandshake createSession
INFO: Detected dialect: W3C
1507527516547	Marionette	DEBUG	Register listener.js for window 2147483649
Oct 09, 2017 11:38:36 AM org.openqa.selenium.remote.ProtocolHandshake createSession
INFO: Detected dialect: W3C
1507527516598	Marionette	DEBUG	Received DOM event "beforeunload" for "about:blank"
1507527516601	Marionette	DEBUG	Received DOM event "beforeunload" for "about:blank"
1507527516688	Marionette	DEBUG	Received DOM event "pagehide" for "about:blank"
1507527516688	Marionette	DEBUG	Received DOM event "unload" for "about:blank"
1507527516696	Marionette	DEBUG	Received DOM event "pagehide" for "about:blank"
1507527516696	Marionette	DEBUG	Received DOM event "unload" for "about:blank"
1507527518734	Marionette	DEBUG	Received DOM event "DOMContentLoaded" for "http://redmine-train.dev.thumbtack.net:3000/login"
1507527518739	Marionette	DEBUG	Received DOM event "pageshow" for "http://redmine-train.dev.thumbtack.net:3000/login"
1507527521542	Marionette	DEBUG	Received DOM event "DOMContentLoaded" for "http://redmine-train.dev.thumbtack.net:3000/account/register"
1507527521547	Marionette	DEBUG	Received DOM event "pageshow" for "http://redmine-train.dev.thumbtack.net:3000/account/register"
1507527521672	Marionette	DEBUG	Received DOM event "beforeunload" for "http://redmine-train.dev.thumbtack.net:3000/login"
1507527521699	Marionette	DEBUG	Received DOM event "pagehide" for "http://redmine-train.dev.thumbtack.net:3000/login"
1507527521700	Marionette	DEBUG	Received DOM event "unload" for "http://redmine-train.dev.thumbtack.net:3000/login"
1507527521796	Marionette	DEBUG	Received DOM event "DOMContentLoaded" for "http://redmine-train.dev.thumbtack.net:3000/login"
1507527521808	Marionette	DEBUG	Received DOM event "pageshow" for "http://redmine-train.dev.thumbtack.net:3000/login"
]]></system-err>
  </testcase>
  <testcase name="test" classname="tests.LoginTest" time="0.399"/>
  <testcase name="test" classname="tests.LoginTest" time="1.077"/>
  <testcase name="test" classname="tests.LoginTest" time="0.925"/>
</testsuite>